 LOOPCT =             102  *** WARNING ***   MORE THAN HALF THE NODES IN SUBMODEL BOT_BOX WERE OSCILLATING AS OF LOOPCT =    102
 LOOPCT =             102                    HEAVY DAMPING (ITERXT=0, EXTLIM=0.5) WAS APPLIED.
 LOOPCT =             102                    IF SUCCESSFUL, CONSIDER THESE SETTINGS IN CONTROL DATA.
 LOOPCT =             102                    OTHERWISE, IDENTIFY AND CORRECT THE SOURCE OF OSCILLATIONS.
 LOOPCT =             102  *** WARNING ***   MORE THAN HALF THE NODES IN SUBMODEL CHIP WERE OSCILLATING AS OF LOOPCT =    102
 LOOPCT =             102                    HEAVY DAMPING (ITERXT=0, EXTLIM=0.5) WAS APPLIED.
 LOOPCT =             102                    IF SUCCESSFUL, CONSIDER THESE SETTINGS IN CONTROL DATA.
 LOOPCT =             102                    OTHERWISE, IDENTIFY AND CORRECT THE SOURCE OF OSCILLATIONS.
 LOOPCT =             102  *** WARNING ***   MORE THAN HALF THE NODES IN SUBMODEL HEADER WERE OSCILLATING AS OF LOOPCT =    102
 LOOPCT =             102                    HEAVY DAMPING (ITERXT=0, EXTLIM=0.5) WAS APPLIED.
 LOOPCT =             102                    IF SUCCESSFUL, CONSIDER THESE SETTINGS IN CONTROL DATA.
 LOOPCT =             102                    OTHERWISE, IDENTIFY AND CORRECT THE SOURCE OF OSCILLATIONS.
 LOOPCT =             102  *** WARNING ***   MORE THAN HALF THE NODES IN SUBMODEL STACK_PCB WERE OSCILLATING AS OF LOOPCT =    102
 LOOPCT =             102                    HEAVY DAMPING (ITERXT=0, EXTLIM=0.5) WAS APPLIED.
 LOOPCT =             102                    IF SUCCESSFUL, CONSIDER THESE SETTINGS IN CONTROL DATA.
 LOOPCT =             102                    OTHERWISE, IDENTIFY AND CORRECT THE SOURCE OF OSCILLATIONS.
 LOOPCT =             105  *** WARNING ***   MORE THAN HALF THE NODES IN SUBMODEL TOP_BOX WERE OSCILLATING AS OF LOOPCT =    105
 LOOPCT =             105                    HEAVY DAMPING (ITERXT=0, EXTLIM=0.5) WAS APPLIED.
 LOOPCT =             105                    IF SUCCESSFUL, CONSIDER THESE SETTINGS IN CONTROL DATA.
 LOOPCT =             105                    OTHERWISE, IDENTIFY AND CORRECT THE SOURCE OF OSCILLATIONS.
 LOOPCT =             114  The ASTAP execution time is:   0.978922500000010       seconds
