

                       S I N D A / F L U I N T 



    ____          _______
  //    \|   __    \|   \\ 
 ||      |  /  \   ||    ||    C&R Technologies, Inc.
 ||         \__/   ||    ||    Boulder Colorado, USA
 ||         /  \   ||___//     Phone 303.971.0292, FAX 303.971.0035
 ||         |  |/  ||   \\     www.crtech.com, support@crtech.com
 ||      |  \__/\  ||    \\    
  \\____/|         ||     \\   Hot engineering ... Cool software (R)



             P R E P R O C E S S O R  E X E C U T I O N

             VERSION ................... CR6.2N    
             MODIFICATION DATE ......... 09FEB2023 

                            SYSTEMS IMPROVED NUMERICAL DIFFERENCING ANALYZER WITH FLUID INTEGRATOR           PAGE     1

 MODEL = SINDA          
 OPTIONS DATA BLOCK

 CARD ORIGIN       12345678 1 2345678 2 2345678 3 2345678 4 2345678 5 2345678 6 2345678 7 2345678 8 CURRENT MODEL

   INPUT           HEADER OPTIONS                                                                       ROOT                            
   INPUT               OUTPUT = case0.out                                                               ROOT                            
   INPUT               SAVE = case0.sav                                                                 ROOT                            
   INPUT               MLINE = 100000 $ Limits headers output                                           ROOT                            
   INPUT           TITLE TXRX.dwg - Case Set 0                                                          ROOT                            
   INPUT           C    SINDA Data generated with Thermal Desktop 6.2 Patch 36                          ROOT                            
   INPUT           C    Generated on Thu Jun 22 19:53:01 2023                                           ROOT                            
   INPUT           C    From file: TXRX.dwg                                                             ROOT                            
   INPUT           C    Case Set: Case Set 0                                                            ROOT                            
   INPUT           C    TDUNITS,   Energy     = J                                                       ROOT                            
   INPUT           C    TDUNITS,   Time       = s                                                       ROOT                            
   INPUT           C    TDUNITS,   Temp       = K                                                       ROOT                            
   INPUT           C    TDUNITS,   Mass       = kg                                                      ROOT                            
   INPUT           C    TDUNITS,   Length     = m                                                       ROOT                            
   INPUT           C    TDUNITS,   Orbit      = km                                                      ROOT                            
   INPUT           C    TDUNITS,   Pressure   = Pa                                                      ROOT                            
   INPUT           C    TDUNITS,   Force      = N                                                       ROOT                            
   INPUT           C    TDUNITS,   Angle      = Degrees                                                 ROOT                            
   INPUT           C    TDUNITS,   Volt       = volt                                                    ROOT                            
   INPUT           C    TDUNITS,   Current    = amp                                                     ROOT                            
   INPUT           C    DWG name:      TXRX.dwg                                                         ROOT                            
   INPUT           C    Thermophysical Property Database: TdThermo.tdp                                  ROOT                            
   INPUT           C    Optical Property Database:        RcOptics.rco                                  ROOT                            
   INPUT           C    Computer name: LAPTOP-BEN2019                                                   ROOT                            
   INPUT           C    User name:     benpa                                                            ROOT                            
   INPUT           C    Symbol Names, Evaluated values, Input Strings, Comments                         ROOT                            
   INPUT           C    TXRX_Chip_Operation 1.2  1.2                                                    ROOT                            
   INPUT           C    TXRX_Chip_Standby   0.22 0.22                                                   ROOT                            

                            SYSTEMS IMPROVED NUMERICAL DIFFERENCING ANALYZER WITH FLUID INTEGRATOR           PAGE     2

 MODEL = SINDA                                                                  TXRX.dwg - Case Set 0
 MODEL NAME CHECK

 CARD ORIGIN       12345678 1 2345678 2 2345678 3 2345678 4 2345678 5 2345678 6 2345678 7 2345678 8 CURRENT MODEL


  LIST OF HEADER CARDS IN NODE DATA - CHECKING MODEL NAMES AGAINST BUILD CARDS

HEADER NODE DATA, BOT_BOX
HEADER NODE DATA, CHIP
HEADER NODE DATA, HEADER
HEADER NODE DATA, SPACE
HEADER NODE DATA, STACK_PCB
HEADER NODE DATA, TOP_BOX

                            SYSTEMS IMPROVED NUMERICAL DIFFERENCING ANALYZER WITH FLUID INTEGRATOR           PAGE     3

 MODEL = SINDA                                                                  TXRX.dwg - Case Set 0
 CONSTANTS DATA BLOCK

 CARD ORIGIN       12345678 1 2345678 2 2345678 3 2345678 4 2345678 5 2345678 6 2345678 7 2345678 8 CURRENT MODEL

   INPUT           HEADER CONTROL DATA, GLOBAL                                                          GLOBAL                          
   INPUT               ABSZRO = 0.                                                                      GLOBAL                          
   INPUT               SIGMA  = 5.670400E-08                                                            GLOBAL                          
   INPUT               NLOOPS  = 1000                                                                   GLOBAL                          
   INPUT               NLOOPT  = 100                                                                    GLOBAL                          
   INPUT               TIMEO  = 0.                                                                      GLOBAL                          
   INPUT               TIMEND  = 100.                                                                   GLOBAL                          
   INPUT               DTIMES  = 0.                                                                     GLOBAL                          
   INPUT               PATMOS  = 0.                                                                     GLOBAL                          
   INPUT               ARLXCA  = 0.001                                                                  GLOBAL                          
   INPUT               DRLXCA  = 0.001                                                                  GLOBAL                          
   INPUT               EXTLIM  = 0.5                                                                    GLOBAL                          
   INPUT               MATMET = 2 $ AUTODETERMINE SINGLE MATRIX                                         GLOBAL                          
   INPUT               ITERXT = 3                                                                       GLOBAL                          
   INPUT               EBALSA  = 0.01                                                                   GLOBAL                          
   INPUT               EBALNA  = 0.                                                                     GLOBAL                          
   INPUT               ITEROT  = 0                                                                      GLOBAL                          
   INPUT               ITHOLD  = 0                                                                      GLOBAL                          
   INPUT               OUTPUT  = 0.                                                                     GLOBAL                          
   INPUT               ATMPCA  = 1.000000E+30                                                           GLOBAL                          
   INPUT               DTMPCA  = 50.                                                                    GLOBAL                          
   INPUT               DTIMEI  = 0.                                                                     GLOBAL                          
   INPUT               DTIMEL  = 0.                                                                     GLOBAL                          
   INPUT               DTIMEH  = 1.000000E+30                                                           GLOBAL                          
   INPUT               CSGFAC  = 1.                                                                     GLOBAL                          
   INPUT               OPEITR  = 0                                                                      GLOBAL                          
   INPUT               DTSIZF  = 0.1                                                                    GLOBAL                          
   INPUT               DTTUBF  = 0.1                                                                    GLOBAL                          
   INPUT               DTMAXF  = 1.000000E+30                                                           GLOBAL                          
   INPUT               DTMINF  = 0.                                                                     GLOBAL                          
   INPUT               OUTPTF = 0.                                                                      GLOBAL                          
   INPUT               OPITRF  = 0                                                                      GLOBAL                          
   INPUT               RERRF  = 0.01                                                                    GLOBAL                          
   INPUT               REBALF  = 0.01                                                                   GLOBAL                          
   INPUT               ITHLDF  = 0                                                                      GLOBAL                          
   INPUT               ITROTF  = 0                                                                      GLOBAL                          
   INPUT               RSSIZF  = 0.5                                                                    GLOBAL                          
   INPUT               RSTUBF  = 0.5                                                                    GLOBAL                          
   INPUT               RSMAXF  = 3600.                                                                  GLOBAL                          
   INPUT               FBEBALA  = 0.1                                                                   GLOBAL                          
   INPUT               SPARSEG  = 0.001                                                                 GLOBAL                          
   INPUT               FRAVER  = 0.                                                                     GLOBAL                          
   INPUT               RMSPLT  = 0.1                                                                    GLOBAL                          
   INPUT               RMFRAC  = 0.5                                                                    GLOBAL                          
   INPUT               RMRATE  = 0.1                                                                    GLOBAL                          
   INPUT               UID =    SI                                                                      GLOBAL                          
   INPUT           HEADER SOLVER                                                                        GLOBAL                          
   INPUT               ADERO  = 0.0001                                                                  GLOBAL                          
   INPUT               RDERO  = 0.02                                                                    GLOBAL                          
   INPUT               AERRO  = 0.0001                                                                  GLOBAL                          
   INPUT               RERRO  = 0.01                                                                    GLOBAL                          
   INPUT               PUSHO  = 1.                                                                      GLOBAL                          
   INPUT               RCACTO  = 0.1                                                                    GLOBAL                          
   INPUT               RCERRO  = 0.003                                                                  GLOBAL                          
   INPUT               ACHGO  = 0.1                                                                     GLOBAL                          
   INPUT               RCHGO  = 0.9                                                                     GLOBAL                          
   INPUT               RCVIO  = 0.2                                                                     GLOBAL                          
   INPUT               METHO  = 2                                                                       GLOBAL                          
   INPUT               NLOOPO  = 100                                                                    GLOBAL                          
   INPUT               MDERO  = 0                                                                       GLOBAL                          
   INPUT               NCONVO  = 2                                                                      GLOBAL                          
   INPUT               NERVUS  = 0                                                                      GLOBAL                          
   INPUT               NEWPRO  = 0                                                                      GLOBAL                          
   INPUT               NLOOPR  = 100                                                                    GLOBAL                          
   INPUT               ADERR  = 0.01                                                                    GLOBAL                          
   INPUT               RERRR  = 0.001                                                                   GLOBAL                          
   INPUT               AERRR  = 1.000000E-05                                                            GLOBAL                          
   INPUT               RDERR  = 0.02                                                                    GLOBAL                          
   INPUT           C INSERT case0.cc                                                                    GLOBAL                          

                            SYSTEMS IMPROVED NUMERICAL DIFFERENCING ANALYZER WITH FLUID INTEGRATOR           PAGE     4

 MODEL = SINDA                                                                  TXRX.dwg - Case Set 0
 NODE DATA BLOCK

 CARD ORIGIN       12345678 1 2345678 2 2345678 3 2345678 4 2345678 5 2345678 6 2345678 7 2345678 8 CURRENT MODEL

   INPUT           HEADER NODE DATA, BOT_BOX                                                            BOT_BOX                         
   INPUT                       1,    293.15,    2.945791E+08                                            BOT_BOX                         
   INPUT                       2,    293.15,    2.945791E+08                                            BOT_BOX                         
   INPUT                       3,    293.15,    2.184090E+08                                            BOT_BOX                         
   INPUT                       4,    293.15,    3.610654E+09                                            BOT_BOX                         
   INPUT                       5,    293.15,    1.876952E+08                                            BOT_BOX                         
   INPUT                       6,    293.15,    3.798349E+09                                            BOT_BOX                         
   INPUT                       7,    293.15,    3.829063E+09                                            BOT_BOX                         
   INPUT                       8,    293.15,    2.900744E+08                                            BOT_BOX                         
   INPUT                       9,    293.15,    3.375411E+08                                            BOT_BOX                         
   INPUT                       10,    293.15,    1.160298E+08                                           BOT_BOX                         
   INPUT                       11,    293.15,    2.478818E+08                                           BOT_BOX                         
   INPUT                       12,    293.15,    8.754973E+08                                           BOT_BOX                         
   INPUT                       13,    293.15,    1.160298E+08                                           BOT_BOX                         
   INPUT                       14,    293.15,    2.315974E+08                                           BOT_BOX                         
   INPUT                       15,    293.15,    2.618075E+08                                           BOT_BOX                         
   INPUT                       16,    293.15,    5.010376E+08                                           BOT_BOX                         
   INPUT                       17,    293.15,    5.010376E+08                                           BOT_BOX                         
   INPUT                       18,    293.15,    2.184090E+08                                           BOT_BOX                         
   INPUT                       19,    293.15,    3.610654E+09                                           BOT_BOX                         
   INPUT                       20,    293.15,    5.010376E+08                                           BOT_BOX                         
   INPUT                       21,    293.15,    5.010376E+08                                           BOT_BOX                         
   INPUT                       22,    293.15,    1.876952E+08                                           BOT_BOX                         
   INPUT                       23,    293.15,    1.876952E+08                                           BOT_BOX                         
   INPUT                       24,    293.15,    2.184090E+08                                           BOT_BOX                         
   INPUT           HEADER NODE DATA, CHIP                                                               CHIP                            
   INPUT                       1,    293.15,    4.885067E+07                                            CHIP                            
   INPUT           HEADER NODE DATA, HEADER                                                             HEADER                          
   INPUT                       1,    293.15,    1.798751E+09                                            HEADER                          
   INPUT                       2,    293.15,    1.798751E+09                                            HEADER                          
   INPUT                       3,    293.15,    1.798751E+09                                            HEADER                          
   INPUT                       4,    293.15,    1.798751E+09                                            HEADER                          
   INPUT                       5,    293.15,    1.798751E+09                                            HEADER                          
   INPUT                       6,    293.15,    1.798751E+09                                            HEADER                          
   INPUT                       7,    293.15,    1.798751E+09                                            HEADER                          
   INPUT                       8,    293.15,    1.798751E+09                                            HEADER                          
   INPUT                       9,    293.15,    3.597502E+09                                            HEADER                          
   INPUT                       10,    293.15,    3.597502E+09                                           HEADER                          
   INPUT                       11,    293.15,    3.597502E+09                                           HEADER                          
   INPUT                       12,    293.15,    3.597502E+09                                           HEADER                          
   INPUT                       13,    293.15,    3.597502E+09                                           HEADER                          
   INPUT                       14,    293.15,    3.597502E+09                                           HEADER                          
   INPUT                       15,    293.15,    3.597502E+09                                           HEADER                          
   INPUT                       16,    293.15,    3.597502E+09                                           HEADER                          
   INPUT           HEADER NODE DATA, SPACE                                                              SPACE                           
   INPUT                       -1,    2.73,    -1.0                                                     SPACE                           
   INPUT           HEADER NODE DATA, STACK_PCB                                                          STACK_PCB                       
   INPUT                       1,    293.15,    1.784358E+09                                            STACK_PCB                       
   INPUT                       2,    293.15,    2.638808E+08                                            STACK_PCB                       
   INPUT                       3,    293.15,    2.638808E+08                                            STACK_PCB                       
   INPUT                       4,    293.15,    2.638808E+08                                            STACK_PCB                       
   INPUT                       5,    293.15,    6.081908E+09                                            STACK_PCB                       
   INPUT                       6,    293.15,    3.040954E+09                                            STACK_PCB                       
   INPUT                       8,    293.15,    3.040954E+09                                            STACK_PCB                       
   INPUT                       9,    293.15,    1.520477E+09                                            STACK_PCB                       
   INPUT                       10,    293.15,    3.070613E+08                                           STACK_PCB                       
   INPUT                       11,    293.15,    1.827538E+09                                           STACK_PCB                       
   INPUT                       12,    293.15,    3.040954E+09                                           STACK_PCB                       
   INPUT                       13,    293.15,    3.070613E+08                                           STACK_PCB                       
   INPUT                       14,    293.15,    1.520477E+09                                           STACK_PCB                       
   INPUT                       15,    293.15,    3.070613E+08                                           STACK_PCB                       
   INPUT                       16,    293.15,    3.040954E+09                                           STACK_PCB                       
   INPUT           HEADER NODE DATA, TOP_BOX                                                            TOP_BOX                         
   INPUT                       1,    293.15,    1.444262E+10                                            TOP_BOX                         
   INPUT                       2,    293.15,    1.703528E+09                                            TOP_BOX                         
   INPUT                       3,    293.15,    2.184090E+08                                            TOP_BOX                         
   INPUT                       4,    293.15,    2.184090E+08                                            TOP_BOX                         
   INPUT                       5,    293.15,    1.876952E+08                                            TOP_BOX                         
   INPUT                       6,    293.15,    1.876952E+08                                            TOP_BOX                         
   INPUT                       7,    293.15,    2.184090E+08                                            TOP_BOX                         
   INPUT                       8,    293.15,    3.945012E+08                                            TOP_BOX                         
   INPUT                       9,    293.15,    8.427980E+08                                            TOP_BOX                         
   INPUT                       10,    293.15,    1.147640E+09                                           TOP_BOX                         
   INPUT                       11,    293.15,    9.862530E+08                                           TOP_BOX                         
   INPUT                       12,    293.15,    3.945012E+08                                           TOP_BOX                         
   INPUT                       13,    293.15,    2.315974E+08                                           TOP_BOX                         
   INPUT                       14,    293.15,    2.618075E+08                                           TOP_BOX                         
   INPUT                       15,    293.15,    2.945791E+08                                           TOP_BOX                         
   INPUT                       16,    293.15,    1.703528E+09                                           TOP_BOX                         
   INPUT                       17,    293.15,    1.488345E+09                                           TOP_BOX                         
   INPUT                       18,    293.15,    1.703528E+09                                           TOP_BOX                         
   INPUT                       19,    293.15,    2.184090E+08                                           TOP_BOX                         
   INPUT                       20,    293.15,    2.945791E+08                                           TOP_BOX                         
   INPUT                       21,    293.15,    1.703528E+09                                           TOP_BOX                         
   INPUT                       22,    293.15,    1.488345E+09                                           TOP_BOX                         
   INPUT                       23,    293.15,    1.876952E+08                                           TOP_BOX                         
   INPUT                       24,    293.15,    1.876952E+08                                           TOP_BOX                         
   INPUT           HEADER NODE DATA,C0A0                                                                C0A0                            
   INPUT           HEADER NODE DATA,C0A1                                                                C0A1                            

                            SYSTEMS IMPROVED NUMERICAL DIFFERENCING ANALYZER WITH FLUID INTEGRATOR           PAGE     5

 MODEL = SINDA                                                                  TXRX.dwg - Case Set 0
 CONDUCTOR DATA BLOCK

 CARD ORIGIN       12345678 1 2345678 2 2345678 3 2345678 4 2345678 5 2345678 6 2345678 7 2345678 8 CURRENT MODEL

   INPUT           HEADER CONDUCTOR DATA, BOT_BOX                                                       BOT_BOX                         
   INPUT                       1,    BOT_BOX.1,    BOT_BOX.2,    11.57094                               BOT_BOX                         
   INPUT                       2,    BOT_BOX.3,    BOT_BOX.7,    28.85781                               BOT_BOX                         
   INPUT                       3,    BOT_BOX.3,    BOT_BOX.24,    244.2182                              BOT_BOX                         
   INPUT                       4,    BOT_BOX.4,    BOT_BOX.7,    99.38453                               BOT_BOX                         
   INPUT                       5,    BOT_BOX.4,    BOT_BOX.19,    70.91246                              BOT_BOX                         
   INPUT                       6,    BOT_BOX.5,    BOT_BOX.6,    209.875                                BOT_BOX                         
   INPUT                       7,    BOT_BOX.5,    BOT_BOX.22,    33.58                                 BOT_BOX                         
   INPUT                       8,    BOT_BOX.6,    BOT_BOX.7,    70.91246                               BOT_BOX                         
   INPUT                       9,    BOT_BOX.6,    BOT_BOX.19,    99.38453                              BOT_BOX                         
   INPUT                       10,    BOT_BOX.6,    BOT_BOX.23,    33.58                                BOT_BOX                         
   INPUT                       11,    BOT_BOX.7,    BOT_BOX.18,    244.2182                             BOT_BOX                         
   INPUT                       12,    BOT_BOX.16,    BOT_BOX.20,    15.02263                            BOT_BOX                         
   INPUT                       13,    BOT_BOX.17,    BOT_BOX.21,    15.02263                            BOT_BOX                         
   INPUT                       14,    BOT_BOX.18,    BOT_BOX.24,    28.85781                            BOT_BOX                         
   INPUT                       15,    BOT_BOX.22,    BOT_BOX.23,    209.875                             BOT_BOX                         
   INPUT           HEADER CONDUCTOR DATA, CHIP                                                          CHIP                            
   INPUT           C Contact - Face Contactor[CHIP][0]::3DA                                             CHIP                            
   INPUT                       1,    CHIP.1,    STACK_PCB.11,    7.                                     CHIP                            
   INPUT                       2,    CHIP.1,    STACK_PCB.16,    3.                                     CHIP                            
   INPUT           HEADER CONDUCTOR DATA, HEADER                                                        HEADER                          
   INPUT                       1,    HEADER.1,    HEADER.2,    152.8777                                 HEADER                          
   INPUT                       2,    HEADER.1,    HEADER.3,    4.405376                                 HEADER                          
   INPUT                       3,    HEADER.1,    HEADER.5,    561.7216                                 HEADER                          
   INPUT           C Contact - Face Contactor[HEADER][1]::48D                                           HEADER                          
   INPUT                       4,    HEADER.1,    STACK_PCB.6,    0.15                                  HEADER                          
   INPUT                       5,    HEADER.1,    STACK_PCB.9,    0.1                                   HEADER                          
   INPUT                       6,    HEADER.2,    HEADER.4,    4.405376                                 HEADER                          
   INPUT                       7,    HEADER.2,    HEADER.6,    561.7216                                 HEADER                          
   INPUT           C Contact - Face Contactor[HEADER][1]::48D                                           HEADER                          
   INPUT                       8,    HEADER.2,    STACK_PCB.6,    0.15                                  HEADER                          
   INPUT                       9,    HEADER.2,    STACK_PCB.9,    0.1                                   HEADER                          
   INPUT                       10,    HEADER.3,    HEADER.4,    152.8777                                HEADER                          
   INPUT                       11,    HEADER.3,    HEADER.7,    561.7216                                HEADER                          
   INPUT           C Contact - Face Contactor[HEADER][1]::48D                                           HEADER                          
   INPUT                       12,    HEADER.3,    STACK_PCB.6,    0.175                                HEADER                          
   INPUT                       13,    HEADER.3,    STACK_PCB.14,    0.075                               HEADER                          
   INPUT                       14,    HEADER.4,    HEADER.8,    561.7216                                HEADER                          
   INPUT           C Contact - Face Contactor[HEADER][1]::48D                                           HEADER                          
   INPUT                       15,    HEADER.4,    STACK_PCB.6,    0.175                                HEADER                          
   INPUT                       16,    HEADER.4,    STACK_PCB.14,    0.075                               HEADER                          
   INPUT                       17,    HEADER.5,    HEADER.6,    152.8777                                HEADER                          
   INPUT                       18,    HEADER.5,    HEADER.7,    4.405376                                HEADER                          
   INPUT                       19,    HEADER.6,    HEADER.8,    4.405376                                HEADER                          
   INPUT                       20,    HEADER.7,    HEADER.8,    152.8777                                HEADER                          
   INPUT                       21,    HEADER.9,    HEADER.10,    305.7553                               HEADER                          
   INPUT                       22,    HEADER.9,    HEADER.13,    280.8608                               HEADER                          
   INPUT                       23,    HEADER.9,    HEADER.15,    8.810753                               HEADER                          
   INPUT           C Contact - Face Contactor[HEADER][2]::486                                           HEADER                          
   INPUT                       24,    HEADER.9,    STACK_PCB.6,    0.175                                HEADER                          
   INPUT                       25,    HEADER.9,    STACK_PCB.14,    0.075                               HEADER                          
   INPUT                       26,    HEADER.10,    HEADER.14,    280.8608                              HEADER                          
   INPUT                       27,    HEADER.10,    HEADER.16,    8.810753                              HEADER                          
   INPUT           C Contact - Face Contactor[HEADER][2]::486                                           HEADER                          
   INPUT                       28,    HEADER.10,    STACK_PCB.6,    0.175                               HEADER                          
   INPUT                       29,    HEADER.10,    STACK_PCB.14,    0.075                              HEADER                          
   INPUT                       30,    HEADER.11,    HEADER.12,    305.7553                              HEADER                          
   INPUT                       31,    HEADER.11,    HEADER.13,    8.810753                              HEADER                          
   INPUT                       32,    HEADER.11,    HEADER.15,    280.8608                              HEADER                          
   INPUT                       33,    HEADER.12,    HEADER.14,    8.810753                              HEADER                          
   INPUT                       34,    HEADER.12,    HEADER.16,    280.8608                              HEADER                          
   INPUT                       35,    HEADER.13,    HEADER.14,    305.7553                              HEADER                          
   INPUT                       36,    HEADER.15,    HEADER.16,    305.7553                              HEADER                          
   INPUT           C Contact - Face Contactor[HEADER][2]::486                                           HEADER                          
   INPUT                       37,    HEADER.15,    STACK_PCB.6,    0.15                                HEADER                          
   INPUT                       38,    HEADER.15,    STACK_PCB.9,    0.1                                 HEADER                          
   INPUT                       39,    HEADER.16,    STACK_PCB.6,    0.15                                HEADER                          
   INPUT                       40,    HEADER.16,    STACK_PCB.9,    0.1                                 HEADER                          
   INPUT           HEADER CONDUCTOR DATA, STACK_PCB                                                     STACK_PCB                       
   INPUT                       1,    STACK_PCB.1,    STACK_PCB.2,    22.55                              STACK_PCB                       
   INPUT                       2,    STACK_PCB.1,    STACK_PCB.3,    3.608                              STACK_PCB                       
   INPUT                       3,    STACK_PCB.1,    STACK_PCB.8,    8.912619                           STACK_PCB                       
   INPUT                       4,    STACK_PCB.1,    STACK_PCB.16,    9.128675                          STACK_PCB                       
   INPUT                       5,    STACK_PCB.2,    STACK_PCB.4,    3.608                              STACK_PCB                       
   INPUT                       6,    STACK_PCB.3,    STACK_PCB.4,    22.55                              STACK_PCB                       
   INPUT                       7,    STACK_PCB.5,    STACK_PCB.6,    17.82524                           STACK_PCB                       
   INPUT                       8,    STACK_PCB.5,    STACK_PCB.8,    18.25735                           STACK_PCB                       
   INPUT                       9,    STACK_PCB.5,    STACK_PCB.12,    18.25735                          STACK_PCB                       
   INPUT                       10,    STACK_PCB.5,    STACK_PCB.16,    17.82524                         STACK_PCB                       
   INPUT                       11,    STACK_PCB.6,    STACK_PCB.9,    9.128675                          STACK_PCB                       
   INPUT                       12,    STACK_PCB.6,    STACK_PCB.14,    9.128675                         STACK_PCB                       
   INPUT                       13,    STACK_PCB.8,    STACK_PCB.9,    8.912619                          STACK_PCB                       
   INPUT                       14,    STACK_PCB.10,    STACK_PCB.11,    26.24                           STACK_PCB                       
   INPUT                       15,    STACK_PCB.10,    STACK_PCB.13,    3.100625                        STACK_PCB                       
   INPUT                       16,    STACK_PCB.11,    STACK_PCB.12,    8.912619                        STACK_PCB                       
   INPUT                       17,    STACK_PCB.11,    STACK_PCB.15,    3.100625                        STACK_PCB                       
   INPUT                       18,    STACK_PCB.11,    STACK_PCB.16,    9.128675                        STACK_PCB                       
   INPUT                       19,    STACK_PCB.12,    STACK_PCB.14,    8.912619                        STACK_PCB                       
   INPUT                       20,    STACK_PCB.13,    STACK_PCB.15,    26.24                           STACK_PCB                       
   INPUT           HEADER CONDUCTOR DATA, TOP_BOX                                                       TOP_BOX                         
   INPUT                       1,    TOP_BOX.2,    TOP_BOX.18,    3190.1                                TOP_BOX                         
   INPUT                       2,    TOP_BOX.3,    TOP_BOX.4,    244.2182                               TOP_BOX                         
   INPUT                       3,    TOP_BOX.3,    TOP_BOX.7,    28.85781                               TOP_BOX                         
   INPUT                       4,    TOP_BOX.4,    TOP_BOX.19,    28.85781                              TOP_BOX                         
   INPUT                       5,    TOP_BOX.5,    TOP_BOX.6,    209.875                                TOP_BOX                         
   INPUT                       6,    TOP_BOX.5,    TOP_BOX.23,    33.58                                 TOP_BOX                         
   INPUT                       7,    TOP_BOX.6,    TOP_BOX.24,    33.58                                 TOP_BOX                         
   INPUT                       8,    TOP_BOX.7,    TOP_BOX.19,    244.2182                              TOP_BOX                         
   INPUT                       9,    TOP_BOX.15,    TOP_BOX.20,    11.57094                             TOP_BOX                         
   INPUT                       10,    TOP_BOX.16,    TOP_BOX.21,    3190.1                              TOP_BOX                         
   INPUT                       11,    TOP_BOX.17,    TOP_BOX.22,    58.46157                            TOP_BOX                         
   INPUT                       12,    TOP_BOX.23,    TOP_BOX.24,    209.875                             TOP_BOX                         

                            SYSTEMS IMPROVED NUMERICAL DIFFERENCING ANALYZER WITH FLUID INTEGRATOR           PAGE     6

 MODEL = SINDA                                                                  TXRX.dwg - Case Set 0
 VARIABLES DATA BLOCK

 CARD ORIGIN       12345678 1 2345678 2 2345678 3 2345678 4 2345678 5 2345678 6 2345678 7 2345678 8 CURRENT MODEL

   INPUT           HEADER VARIABLES0, CHIP                                                              CHIP                            
   INPUT                 CHIP.Q1 = CHIP.Q1 + 1.2                                                        CHIP                            

                            SYSTEMS IMPROVED NUMERICAL DIFFERENCING ANALYZER WITH FLUID INTEGRATOR           PAGE     7

 MODEL = SINDA                                                                  TXRX.dwg - Case Set 0
 OPERATIONS BLOCK

 CARD ORIGIN       12345678 1 2345678 2 2345678 3 2345678 4 2345678 5 2345678 6 2345678 7 2345678 8 CURRENT MODEL

   INPUT           HEADER OPERATIONS                                                                    GLOBAL                          
   INPUT                 CALL TDPREBL   $ PLACE BEFORE BUILD, CODE IN SUBROUTINE DATA                   GLOBAL                          
   INPUT           BUILD DEFAULT,BOT_BOX,CHIP,HEADER,SPACE,STACK_PCB,TOP_BOX,C0A0,C0A1                  GLOBAL                          
   INPUT                 CALL TDPOSTBL   $ PLACE AFTER BUILD, CODE IN SUBROUTINE DATA                   GLOBAL                          
   INPUT                 CALL TDHTR $ HOLD HEATER TEMPS FOR STEADY STATE                                GLOBAL                          
   INPUT                 CALL STEADY                                                                    GLOBAL                          
   INPUT                 CALL TDREL $ RELEASE HEATERS FOR TRANSIENT                                     GLOBAL                          
   INPUT                 CALL TDPOSTSL $ LOGIC IN SUBROUTINE DATA                                       GLOBAL                          

                            SYSTEMS IMPROVED NUMERICAL DIFFERENCING ANALYZER WITH FLUID INTEGRATOR           PAGE     8

 MODEL = SINDA                                                                  TXRX.dwg - Case Set 0
 OUTPUT DATA BLOCK

 CARD ORIGIN       12345678 1 2345678 2 2345678 3 2345678 4 2345678 5 2345678 6 2345678 7 2345678 8 CURRENT MODEL

   INPUT           HEADER OUTPUT CALLS, GLOBAL                                                          GLOBAL                          
   INPUT                 CALL TPRINT('ALL')                                                             GLOBAL                          
   INPUT                 IF(NSOL  .GT.  1 ) THEN                                                        GLOBAL                          
   INPUT                     IF(TIMEN  .GE.  TIMEND) THEN                                               GLOBAL                          
   INPUT                         CALL SAVE('ALL',0)                                                     GLOBAL                          
   INPUT                     ELSE                                                                       GLOBAL                          
   INPUT                         CALL SAVE('TR',0)                                                      GLOBAL                          
   INPUT                     ENDIF                                                                      GLOBAL                          
   INPUT                 ELSE IF( LOOPCT  .GT.  0 ) THEN                                                GLOBAL                          
   INPUT                     CALL SAVE('ALL',0)                                                         GLOBAL                          
   INPUT                 ENDIF                                                                          GLOBAL                          

                            SYSTEMS IMPROVED NUMERICAL DIFFERENCING ANALYZER WITH FLUID INTEGRATOR           PAGE     9

 MODEL = SINDA                                                                  TXRX.dwg - Case Set 0
 SUBROUTINE DATA BLOCK

 CARD ORIGIN       12345678 1 2345678 2 2345678 3 2345678 4 2345678 5 2345678 6 2345678 7 2345678 8 CURRENT MODEL

   INPUT           HEADER SUBROUTINES                                                                   GLOBAL                          
   INPUT                 SUBROUTINE TDHTR                                                               GLOBAL                          
   INPUT                 RETURN                                                                         GLOBAL                          
   INPUT                 END                                                                            GLOBAL                          
   INPUT                 SUBROUTINE TDREL                                                               GLOBAL                          
   INPUT           F     RETURN                                                                         GLOBAL                          
   INPUT           F     END                                                                            GLOBAL                          
   INPUT           F     SUBROUTINE TDHTOT                                                              GLOBAL                          
   INPUT           F     RETURN                                                                         GLOBAL                          
   INPUT           F     END                                                                            GLOBAL                          
   INPUT           F     SUBROUTINE TDHTRST                                                             GLOBAL                          
   INPUT           F     RETURN                                                                         GLOBAL                          
   INPUT           F     END                                                                            GLOBAL                          
   INPUT           F     SUBROUTINE TDPREBL                                                             GLOBAL                          
   INPUT                 CALL COMMON                                                                    GLOBAL                          
   INPUT           F     RETURN                                                                         GLOBAL                          
   INPUT           F     END                                                                            GLOBAL                          
   INPUT           F     SUBROUTINE TDPOSTBL                                                            GLOBAL                          
   INPUT                 CALL COMMON                                                                    GLOBAL                          
   INPUT           F     RETURN                                                                         GLOBAL                          
   INPUT           F     END                                                                            GLOBAL                          
   INPUT           F     SUBROUTINE TDPOSTSL                                                            GLOBAL                          
   INPUT                 CALL COMMON                                                                    GLOBAL                          
   INPUT           F     RETURN                                                                         GLOBAL                          
   INPUT           F     END                                                                            GLOBAL                          
   INPUT           F     SUBROUTINE BASEPLOT                                                            GLOBAL                          
   INPUT                 CALL COMMON                                                                    GLOBAL                          
   INPUT           F     RETURN                                                                         GLOBAL                          
   INPUT           F     END                                                                            GLOBAL                          
   INPUT           C INSERT C0A0.k_in                                                                   GLOBAL                          
   INPUT           CINSERT C0A0.k_in                                                                    GLOBAL                          
   INPUT           C INSERT C0A1.k_in                                                                   GLOBAL                          
   INPUT           CINSERT C0A1.k_in                                                                    GLOBAL                          
